<?xml version="1.0" encoding="UTF-8"?>
<testsuite name="rspec" tests="82" failures="3" errors="0" time="3.271879" timestamp="2016-04-25T17:26:57+00:00">
  <!-- Randomized with seed 34088 -->
  <properties/>
  <testcase classname="spec.controllers.contacts_controller_spec" name="ContactsController administrator access behaves like public access to contacts GET #index with params[:letter] populates an array of contacts starting with the letter" file="./spec/controllers/contacts_controller_spec.rb" time="0.438420"/>
  <testcase classname="spec.controllers.contacts_controller_spec" name="ContactsController administrator access behaves like public access to contacts GET #index with params[:letter] renders the :index template" file="./spec/controllers/contacts_controller_spec.rb" time="0.016909"/>
  <testcase classname="spec.controllers.contacts_controller_spec" name="ContactsController administrator access behaves like public access to contacts GET #index without params[:letter] populates an array of all contacts" file="./spec/controllers/contacts_controller_spec.rb" time="0.028601"/>
  <testcase classname="spec.controllers.contacts_controller_spec" name="ContactsController administrator access behaves like public access to contacts GET #index without params[:letter] renders the :index template" file="./spec/controllers/contacts_controller_spec.rb" time="0.007624"/>
  <testcase classname="spec.controllers.contacts_controller_spec" name="ContactsController administrator access behaves like public access to contacts GET #show assigns the requested contact to @contact" file="./spec/controllers/contacts_controller_spec.rb" time="0.012987"/>
  <testcase classname="spec.controllers.contacts_controller_spec" name="ContactsController administrator access behaves like public access to contacts GET #show renders the :show template" file="./spec/controllers/contacts_controller_spec.rb" time="0.008782"/>
  <testcase classname="spec.controllers.contacts_controller_spec" name="ContactsController administrator access behaves like full access to contacts GET #new assigns a new Contact to @contact" file="./spec/controllers/contacts_controller_spec.rb" time="0.010445"/>
  <testcase classname="spec.controllers.contacts_controller_spec" name="ContactsController administrator access behaves like full access to contacts GET #new assigns a home, office, and mobile phone to the new contact" file="./spec/controllers/contacts_controller_spec.rb" time="0.008737"/>
  <testcase classname="spec.controllers.contacts_controller_spec" name="ContactsController administrator access behaves like full access to contacts GET #new renders the :new template" file="./spec/controllers/contacts_controller_spec.rb" time="0.020848"/>
  <testcase classname="spec.controllers.contacts_controller_spec" name="ContactsController administrator access behaves like full access to contacts GET #edit assigns the requested contact to @contact" file="./spec/controllers/contacts_controller_spec.rb" time="0.023076"/>
  <testcase classname="spec.controllers.contacts_controller_spec" name="ContactsController administrator access behaves like full access to contacts GET #edit renders the :edit template" file="./spec/controllers/contacts_controller_spec.rb" time="0.019287"/>
  <testcase classname="spec.controllers.contacts_controller_spec" name="ContactsController administrator access behaves like full access to contacts POST #create with valid attributes saves the new contact in the database" file="./spec/controllers/contacts_controller_spec.rb" time="0.026298"/>
  <testcase classname="spec.controllers.contacts_controller_spec" name="ContactsController administrator access behaves like full access to contacts POST #create with valid attributes redirects to contacts#show" file="./spec/controllers/contacts_controller_spec.rb" time="0.019550"/>
  <testcase classname="spec.controllers.contacts_controller_spec" name="ContactsController administrator access behaves like full access to contacts POST #create with invalid attributes does not save the new contact in the database" file="./spec/controllers/contacts_controller_spec.rb" time="0.014301"/>
  <testcase classname="spec.controllers.contacts_controller_spec" name="ContactsController administrator access behaves like full access to contacts POST #create with invalid attributes re-renders the :new template" file="./spec/controllers/contacts_controller_spec.rb" time="0.015092"/>
  <testcase classname="spec.controllers.contacts_controller_spec" name="ContactsController administrator access behaves like full access to contacts PATCH #update valid attributes locates the requested @contact" file="./spec/controllers/contacts_controller_spec.rb" time="0.033899"/>
  <testcase classname="spec.controllers.contacts_controller_spec" name="ContactsController administrator access behaves like full access to contacts PATCH #update valid attributes changes the contact's attributes" file="./spec/controllers/contacts_controller_spec.rb" time="0.024895"/>
  <testcase classname="spec.controllers.contacts_controller_spec" name="ContactsController administrator access behaves like full access to contacts PATCH #update valid attributes redirects to the updated contact" file="./spec/controllers/contacts_controller_spec.rb" time="0.020610"/>
  <testcase classname="spec.controllers.contacts_controller_spec" name="ContactsController administrator access behaves like full access to contacts PATCH #update invalid attributes locates the requested @contact" file="./spec/controllers/contacts_controller_spec.rb" time="0.028310"/>
  <testcase classname="spec.controllers.contacts_controller_spec" name="ContactsController administrator access behaves like full access to contacts PATCH #update invalid attributes does not change the contact's attributes" file="./spec/controllers/contacts_controller_spec.rb" time="0.029285"/>
  <testcase classname="spec.controllers.contacts_controller_spec" name="ContactsController administrator access behaves like full access to contacts PATCH #update invalid attributes re-renders the edit method" file="./spec/controllers/contacts_controller_spec.rb" time="0.029804"/>
  <testcase classname="spec.controllers.contacts_controller_spec" name="ContactsController administrator access behaves like full access to contacts DELETE #destroy deletes the contact" file="./spec/controllers/contacts_controller_spec.rb" time="0.027641"/>
  <testcase classname="spec.controllers.contacts_controller_spec" name="ContactsController administrator access behaves like full access to contacts DELETE #destroy redirects to contacts#index" file="./spec/controllers/contacts_controller_spec.rb" time="0.018192"/>
  <testcase classname="spec.controllers.contacts_controller_spec" name="ContactsController user access behaves like public access to contacts GET #index with params[:letter] populates an array of contacts starting with the letter" file="./spec/controllers/contacts_controller_spec.rb" time="0.023283"/>
  <testcase classname="spec.controllers.contacts_controller_spec" name="ContactsController user access behaves like public access to contacts GET #index with params[:letter] renders the :index template" file="./spec/controllers/contacts_controller_spec.rb" time="0.006173"/>
  <testcase classname="spec.controllers.contacts_controller_spec" name="ContactsController user access behaves like public access to contacts GET #index without params[:letter] populates an array of all contacts" file="./spec/controllers/contacts_controller_spec.rb" time="0.024123"/>
  <testcase classname="spec.controllers.contacts_controller_spec" name="ContactsController user access behaves like public access to contacts GET #index without params[:letter] renders the :index template" file="./spec/controllers/contacts_controller_spec.rb" time="0.006739"/>
  <testcase classname="spec.controllers.contacts_controller_spec" name="ContactsController user access behaves like public access to contacts GET #show assigns the requested contact to @contact" file="./spec/controllers/contacts_controller_spec.rb" time="0.009284"/>
  <testcase classname="spec.controllers.contacts_controller_spec" name="ContactsController user access behaves like public access to contacts GET #show renders the :show template" file="./spec/controllers/contacts_controller_spec.rb" time="0.008579"/>
  <testcase classname="spec.controllers.contacts_controller_spec" name="ContactsController user access behaves like full access to contacts GET #new assigns a new Contact to @contact" file="./spec/controllers/contacts_controller_spec.rb" time="0.007056"/>
  <testcase classname="spec.controllers.contacts_controller_spec" name="ContactsController user access behaves like full access to contacts GET #new assigns a home, office, and mobile phone to the new contact" file="./spec/controllers/contacts_controller_spec.rb" time="0.007975"/>
  <testcase classname="spec.controllers.contacts_controller_spec" name="ContactsController user access behaves like full access to contacts GET #new renders the :new template" file="./spec/controllers/contacts_controller_spec.rb" time="0.007473"/>
  <testcase classname="spec.controllers.contacts_controller_spec" name="ContactsController user access behaves like full access to contacts GET #edit assigns the requested contact to @contact" file="./spec/controllers/contacts_controller_spec.rb" time="0.016123"/>
  <testcase classname="spec.controllers.contacts_controller_spec" name="ContactsController user access behaves like full access to contacts GET #edit renders the :edit template" file="./spec/controllers/contacts_controller_spec.rb" time="0.017292"/>
  <testcase classname="spec.controllers.contacts_controller_spec" name="ContactsController user access behaves like full access to contacts POST #create with valid attributes saves the new contact in the database" file="./spec/controllers/contacts_controller_spec.rb" time="0.019108"/>
  <testcase classname="spec.controllers.contacts_controller_spec" name="ContactsController user access behaves like full access to contacts POST #create with valid attributes redirects to contacts#show" file="./spec/controllers/contacts_controller_spec.rb" time="0.018878"/>
  <testcase classname="spec.controllers.contacts_controller_spec" name="ContactsController user access behaves like full access to contacts POST #create with invalid attributes does not save the new contact in the database" file="./spec/controllers/contacts_controller_spec.rb" time="0.014928"/>
  <testcase classname="spec.controllers.contacts_controller_spec" name="ContactsController user access behaves like full access to contacts POST #create with invalid attributes re-renders the :new template" file="./spec/controllers/contacts_controller_spec.rb" time="0.012844"/>
  <testcase classname="spec.controllers.contacts_controller_spec" name="ContactsController user access behaves like full access to contacts PATCH #update valid attributes locates the requested @contact" file="./spec/controllers/contacts_controller_spec.rb" time="0.028530"/>
  <testcase classname="spec.controllers.contacts_controller_spec" name="ContactsController user access behaves like full access to contacts PATCH #update valid attributes changes the contact's attributes" file="./spec/controllers/contacts_controller_spec.rb" time="0.021125"/>
  <testcase classname="spec.controllers.contacts_controller_spec" name="ContactsController user access behaves like full access to contacts PATCH #update valid attributes redirects to the updated contact" file="./spec/controllers/contacts_controller_spec.rb" time="0.019227"/>
  <testcase classname="spec.controllers.contacts_controller_spec" name="ContactsController user access behaves like full access to contacts PATCH #update invalid attributes locates the requested @contact" file="./spec/controllers/contacts_controller_spec.rb" time="0.031981"/>
  <testcase classname="spec.controllers.contacts_controller_spec" name="ContactsController user access behaves like full access to contacts PATCH #update invalid attributes does not change the contact's attributes" file="./spec/controllers/contacts_controller_spec.rb" time="0.037744"/>
  <testcase classname="spec.controllers.contacts_controller_spec" name="ContactsController user access behaves like full access to contacts PATCH #update invalid attributes re-renders the edit method" file="./spec/controllers/contacts_controller_spec.rb" time="0.035642"/>
  <testcase classname="spec.controllers.contacts_controller_spec" name="ContactsController user access behaves like full access to contacts DELETE #destroy deletes the contact" file="./spec/controllers/contacts_controller_spec.rb" time="0.029577"/>
  <testcase classname="spec.controllers.contacts_controller_spec" name="ContactsController user access behaves like full access to contacts DELETE #destroy redirects to contacts#index" file="./spec/controllers/contacts_controller_spec.rb" time="0.019139"/>
  <testcase classname="spec.controllers.contacts_controller_spec" name="ContactsController guest access behaves like public access to contacts GET #index with params[:letter] populates an array of contacts starting with the letter" file="./spec/controllers/contacts_controller_spec.rb" time="0.024193"/>
  <testcase classname="spec.controllers.contacts_controller_spec" name="ContactsController guest access behaves like public access to contacts GET #index with params[:letter] renders the :index template" file="./spec/controllers/contacts_controller_spec.rb" time="0.004145"/>
  <testcase classname="spec.controllers.contacts_controller_spec" name="ContactsController guest access behaves like public access to contacts GET #index without params[:letter] populates an array of all contacts" file="./spec/controllers/contacts_controller_spec.rb" time="0.026895"/>
  <testcase classname="spec.controllers.contacts_controller_spec" name="ContactsController guest access behaves like public access to contacts GET #index without params[:letter] renders the :index template" file="./spec/controllers/contacts_controller_spec.rb" time="0.004663"/>
  <testcase classname="spec.controllers.contacts_controller_spec" name="ContactsController guest access behaves like public access to contacts GET #show assigns the requested contact to @contact" file="./spec/controllers/contacts_controller_spec.rb" time="0.008437"/>
  <testcase classname="spec.controllers.contacts_controller_spec" name="ContactsController guest access behaves like public access to contacts GET #show renders the :show template" file="./spec/controllers/contacts_controller_spec.rb" time="0.008047"/>
  <testcase classname="spec.controllers.contacts_controller_spec" name="ContactsController guest access GET #new requires login" file="./spec/controllers/contacts_controller_spec.rb" time="0.003913"/>
  <testcase classname="spec.controllers.contacts_controller_spec" name="ContactsController guest access GET #edit requires login" file="./spec/controllers/contacts_controller_spec.rb" time="0.014961"/>
  <testcase classname="spec.controllers.contacts_controller_spec" name="ContactsController guest access POST #create requires login" file="./spec/controllers/contacts_controller_spec.rb" time="0.016570"/>
  <testcase classname="spec.controllers.contacts_controller_spec" name="ContactsController guest access PUT #update requires login" file="./spec/controllers/contacts_controller_spec.rb" time="0.014903"/>
  <testcase classname="spec.controllers.contacts_controller_spec" name="ContactsController guest access DELETE #destroy requires login" file="./spec/controllers/contacts_controller_spec.rb" time="0.014342"/>
  <testcase classname="spec.controllers.news_releases_controller_spec" name="NewsReleasesController GET #new requires login" file="./spec/controllers/news_releases_controller_spec.rb" time="0.004404"/>
  <testcase classname="spec.controllers.news_releases_controller_spec" name="NewsReleasesController POST #create requires login" file="./spec/controllers/news_releases_controller_spec.rb" time="0.004846"/>
  <testcase classname="spec.controllers.users_controller_spec" name="UsersController user access GET #new denies access" file="./spec/controllers/users_controller_spec.rb" time="0.011048"/>
  <testcase classname="spec.controllers.users_controller_spec" name="UsersController user access POST#create denies access" file="./spec/controllers/users_controller_spec.rb" time="0.010822"/>
  <testcase classname="spec.controllers.users_controller_spec" name="UsersController user access GET #index collects users into @users" file="./spec/controllers/users_controller_spec.rb" time="0.019273"/>
  <testcase classname="spec.controllers.users_controller_spec" name="UsersController user access GET #index renders the :index template" file="./spec/controllers/users_controller_spec.rb" time="0.008947"/>
  <testcase classname="spec.features.about_us_spec" name="About BigCo modal toggles display of the modal about display" file="./spec/features/about_us_spec.rb" time="0.713126">
    <failure message="RSpec::Core::MultipleExceptionError" type="RSpec::Core::MultipleExceptionError">
      <![CDATA[Could not find Firefox binary (os=linux). Make sure Firefox is installed or set the path manually with Selenium::WebDriver::Firefox::Binary.path=

Could not find Firefox binary (os=linux). Make sure Firefox is installed or set the path manually with Selenium::WebDriver::Firefox::Binary.path=
]]>
    </failure>
  </testcase>
  <testcase classname="spec.features.news_releases_spec" name="News releases as a user adds a news release" file="./spec/features/news_releases_spec.rb" time="0.231857">
    <failure message="RSpec::Core::MultipleExceptionError" type="RSpec::Core::MultipleExceptionError">
      <![CDATA[Could not find Firefox binary (os=linux). Make sure Firefox is installed or set the path manually with Selenium::WebDriver::Firefox::Binary.path=

Could not find Firefox binary (os=linux). Make sure Firefox is installed or set the path manually with Selenium::WebDriver::Firefox::Binary.path=
]]>
    </failure>
  </testcase>
  <testcase classname="spec.features.news_releases_spec" name="News releases as a guest reads a news release" file="./spec/features/news_releases_spec.rb" time="0.222876">
    <skipped/>
  </testcase>
  <testcase classname="spec.features.users_spec" name="User management adds a new user" file="./spec/features/users_spec.rb" time="0.170624">
    <failure message="RSpec::Core::MultipleExceptionError" type="RSpec::Core::MultipleExceptionError">
      <![CDATA[Could not find Firefox binary (os=linux). Make sure Firefox is installed or set the path manually with Selenium::WebDriver::Firefox::Binary.path=

Could not find Firefox binary (os=linux). Make sure Firefox is installed or set the path manually with Selenium::WebDriver::Firefox::Binary.path=
]]>
    </failure>
  </testcase>
  <testcase classname="spec.models.contact_spec" name="Contact has a valid factory" file="./spec/models/contact_spec.rb" time="0.008897"/>
  <testcase classname="spec.models.contact_spec" name="Contact should require firstname to be set" file="./spec/models/contact_spec.rb" time="0.010119"/>
  <testcase classname="spec.models.contact_spec" name="Contact should require lastname to be set" file="./spec/models/contact_spec.rb" time="0.009908"/>
  <testcase classname="spec.models.contact_spec" name="Contact should require email to be set" file="./spec/models/contact_spec.rb" time="0.011548"/>
  <testcase classname="spec.models.contact_spec" name="Contact should require case sensitive unique value for email" file="./spec/models/contact_spec.rb" time="0.015569"/>
  <testcase classname="spec.models.contact_spec" name="Contact returns a contact's full name as a string" file="./spec/models/contact_spec.rb" time="0.002226"/>
  <testcase classname="spec.models.contact_spec" name="Contact has three phone numbers" file="./spec/models/contact_spec.rb" time="0.010837"/>
  <testcase classname="spec.models.contact_spec" name="Contact filter last name by letter with matching letters returns a sorted array of results that match" file="./spec/models/contact_spec.rb" time="0.030264"/>
  <testcase classname="spec.models.contact_spec" name="Contact filter last name by letter with non-matching letters omits results that do not match" file="./spec/models/contact_spec.rb" time="0.032025"/>
  <testcase classname="spec.models.news_release_spec" name="NewsRelease should require released_on to be set" file="./spec/models/news_release_spec.rb" time="0.013386"/>
  <testcase classname="spec.models.news_release_spec" name="NewsRelease should require title to be set" file="./spec/models/news_release_spec.rb" time="0.007343"/>
  <testcase classname="spec.models.news_release_spec" name="NewsRelease should require body to be set" file="./spec/models/news_release_spec.rb" time="0.005949"/>
  <testcase classname="spec.models.news_release_spec" name="NewsRelease returns the formatted date and title as a string" file="./spec/models/news_release_spec.rb" time="0.001373"/>
  <testcase classname="spec.models.phone_spec" name="Phone does not allow duplicate phone numbers per contact" file="./spec/models/phone_spec.rb" time="0.017401"/>
  <testcase classname="spec.models.phone_spec" name="Phone allows two contacts to share a phone number" file="./spec/models/phone_spec.rb" time="0.028964"/>
</testsuite>
